

Started GET "/" for 127.0.0.1 at 2016-09-17 16:13:34 -0300
Processing by PlainpageController#index as HTML
  Rendered plainpage/index.html.erb within layouts/application (1.1ms)
  Rendered partials/_sidenav.html.erb (1.8ms)
  Rendered partials/_topnav.html.erb (5.6ms)
  Rendered partials/_footer.html.erb (0.3ms)
Completed 200 OK in 11145ms (Views: 11135.3ms | ActiveRecord: 0.0ms)


Started GET "/assets/application.self-4b8e38670c4f41ddc6bace1fb078928f1c84104e141da3b17f7b44d958f5186d.css?body=1" for 127.0.0.1 at 2016-09-17 16:13:45 -0300


Started GET "/assets/jquery.self-660adc51e0224b731d29f575a6f1ec167ba08ad06ed5deca4f1e8654c135bf4c.js?body=1" for 127.0.0.1 at 2016-09-17 16:13:45 -0300


Started GET "/assets/bootstrap/collapse.self-056c40532d9f0f126ec17e839f60c942f573fbd61a086e7f156306e3fc5e8c1f.js?body=1" for 127.0.0.1 at 2016-09-17 16:13:45 -0300


Started GET "/assets/bootstrap/affix.self-3555752f8a930795ee9e56751a52e6871104ae85d01b3ab8363da3802a5ecc78.js?body=1" for 127.0.0.1 at 2016-09-17 16:13:45 -0300


Started GET "/assets/bootstrap/alert.self-d8b7bd612b3dcfdefb7b5539b9d5848d66ccbd3e7af8bb8d48bfb3288aaa7be8.js?body=1" for 127.0.0.1 at 2016-09-17 16:13:45 -0300


Started GET "/assets/bootstrap/dropdown.self-e56c2ffee4618411d43ecf15c89273f6223847ad756e1cd17545d04afa732ed4.js?body=1" for 127.0.0.1 at 2016-09-17 16:13:45 -0300


Started GET "/assets/bootstrap/button.self-e74d33ba39500940a78d6fa4d2d64f6ca7fd86d60a2149641f7fde7ba711d8a1.js?body=1" for 127.0.0.1 at 2016-09-17 16:13:45 -0300


Started GET "/assets/bootstrap/carousel.self-35d204878d906298e55bc24553e11fd89b980fc4ffe5792fe36af8c0da289c54.js?body=1" for 127.0.0.1 at 2016-09-17 16:13:45 -0300


Started GET "/assets/bootstrap/modal.self-62463080dba6b9d024ff0a3192da0e76eacbc683194f3395047c6f5cfa0acb59.js?body=1" for 127.0.0.1 at 2016-09-17 16:13:45 -0300


Started GET "/assets/bootstrap/scrollspy.self-52afd90e8ba97d9f08617a13986e8869d6c4a45751c0bff59a6f91241e722aca.js?body=1" for 127.0.0.1 at 2016-09-17 16:13:45 -0300


Started GET "/assets/bootstrap/transition.self-3b268d4cd8c79e46ded7392885f72f64ffb5b0d49948a12b8cf9779f6163e13a.js?body=1" for 127.0.0.1 at 2016-09-17 16:13:45 -0300


Started GET "/assets/bootstrap/tab.self-dad0d5c377f9fae26394484535ebb23ccf68afae084f896af6ea4cdf8c9f6ae0.js?body=1" for 127.0.0.1 at 2016-09-17 16:13:45 -0300


Started GET "/assets/bootstrap/tooltip.self-facdc69246a072acb927ded77ff655f7c27a518b9357fddd45d119fbc8a0ab9f.js?body=1" for 127.0.0.1 at 2016-09-17 16:13:45 -0300


Started GET "/assets/bootstrap/popover.self-210cff1fb4b72b71a29b5122180cb5937c8145cd13a934dc838280f1d9607a3e.js?body=1" for 127.0.0.1 at 2016-09-17 16:13:45 -0300


Started GET "/assets/bootstrap-sprockets.self-fbfa5ad7d9aa0afe439ec4ff3883acc4cb92b62cb67c40d674320c9aa1d4642d.js?body=1" for 127.0.0.1 at 2016-09-17 16:13:45 -0300


Started GET "/assets/gentelella/production/js/flot/jquery.flot.self-705d7592a526517fe86a873dd3aa15f58ce66a7953036fe087b44cd70521f0cc.js?body=1" for 127.0.0.1 at 2016-09-17 16:13:45 -0300


Started GET "/assets/gentelella/production/js/flot/jquery.flot.pie.self-33ca88cc4a7371598cb8fa2d30eeaddcecb19184d16161873c7c1e632447c3b5.js?body=1" for 127.0.0.1 at 2016-09-17 16:13:45 -0300


Started GET "/assets/gentelella/production/js/flot/jquery.flot.orderBars.self-1310e7cf40dfc527b1828bdfa8e62ba12341da3b0c7bc4883ec3976103c7e790.js?body=1" for 127.0.0.1 at 2016-09-17 16:13:45 -0300


Started GET "/assets/gentelella/production/js/flot/jquery.flot.time.min.self-42e80da9d580f1cd692913e466a0a35720994cd42aa2bf940d419142bf70ae67.js?body=1" for 127.0.0.1 at 2016-09-17 16:13:45 -0300


Started GET "/assets/gentelella/production/js/flot/date.self-dd103d36715d4e9beae419cc0328daa08d388182e31fce53e6c95e04c826f014.js?body=1" for 127.0.0.1 at 2016-09-17 16:13:45 -0300


Started GET "/assets/gentelella/production/js/flot/jquery.flot.spline.self-78f8d0e8dfaa7a73b069749d22fb3f92c7de0cf39198cdd3531184a89c8f44a3.js?body=1" for 127.0.0.1 at 2016-09-17 16:13:45 -0300


Started GET "/assets/gentelella/production/js/flot/jquery.flot.stack.self-77107f0e9fec22d48d33184fec10aa3335cfb4469305a20d0885662e9c8716f7.js?body=1" for 127.0.0.1 at 2016-09-17 16:13:45 -0300


Started GET "/assets/gentelella/production/js/flot/curvedLines.self-29a3f7497ffd95027475ad2f947b8a6c57156690e858a8780923864a563532c0.js?body=1" for 127.0.0.1 at 2016-09-17 16:13:45 -0300


Started GET "/assets/gentelella/production/js/flot/jquery.flot.resize.self-2164419d35ef0c28690426670059965ff17c804b466f57a8cbcc25c479b256c9.js?body=1" for 127.0.0.1 at 2016-09-17 16:13:45 -0300


Started GET "/assets/gentelella/production/js/progressbar/bootstrap-progressbar.min.self-a9996721a19c173901023b21df854903c6a8e2b406cd93d1464a10327d8b52a5.js?body=1" for 127.0.0.1 at 2016-09-17 16:13:45 -0300


Started GET "/assets/gentelella/production/js/icheck/icheck.min.self-71402d4bdfd85b52b46ee005d31661013598d0d930d2f195227371538f814ab1.js?body=1" for 127.0.0.1 at 2016-09-17 16:13:45 -0300


Started GET "/assets/gentelella/production/js/moment/moment.min.self-47f3f0f0f331b237c5584a60bfc321301c0d9a5651dd70c635af1e17be68d5bb.js?body=1" for 127.0.0.1 at 2016-09-17 16:13:45 -0300


Started GET "/assets/gentelella/production/js/datepicker/daterangepicker.self-ed4efcc595b0d4da2fb398736b7afde3f16d1364d06cf46dad9c4e591d1ea394.js?body=1" for 127.0.0.1 at 2016-09-17 16:13:45 -0300


Started GET "/assets/gentelella/production/js/chartjs/chart.min.self-ba2063aab36611ff08faf64bffa6a26ec0e486b6d42a732e7ddd29e6190b4f04.js?body=1" for 127.0.0.1 at 2016-09-17 16:13:45 -0300


Started GET "/assets/gentelella/production/js/pace/pace.min.self-9bf6d667514a59744d5db2c9392aaf5595dec9c131a425ababa1cb8cddb814f2.js?body=1" for 127.0.0.1 at 2016-09-17 16:13:45 -0300


Started GET "/assets/gentelella/production/js/nprogress.self-ee0af190efcd10748e6f1bde91255ea0bf490342f26389814d76a217f5255ff4.js?body=1" for 127.0.0.1 at 2016-09-17 16:13:45 -0300


Started GET "/assets/flash.self-c7b94ce6f778ffa2d56272d0d981967ab27d8ac57a75802e72fcfab9b95d1000.js?body=1" for 127.0.0.1 at 2016-09-17 16:13:45 -0300


Started GET "/assets/application.self-515207d365987d57167fd2fe8faa8c949dbe96964f0f8653fee65028cf23c8e4.js?body=1" for 127.0.0.1 at 2016-09-17 16:13:45 -0300


Started GET "/assets/gentelella/production/js/custom.self-4f0ced23cee8da0b88915f10b145d6df88298f210a750017ccb1176aa7fbdd0f.js?body=1" for 127.0.0.1 at 2016-09-17 16:13:45 -0300


Started GET "/assets/footermanifest.self-e3b0c44298fc1c149afbf4c8996fb92427ae41e4649b934ca495991b7852b855.js?body=1" for 127.0.0.1 at 2016-09-17 16:13:45 -0300


Started GET "/assets/fontawesome-webfont-7dacf83f51179de8d7980a513e67ab3a08f2c6272bb5946df8fd77c0d1763b73.woff2" for 127.0.0.1 at 2016-09-17 16:13:45 -0300


Started GET "/assets/bootstrap/glyphicons-halflings-regular-fe185d11a49676890d47bb783312a0cda5a44c4039214094e7957b4c040ef11c.woff2" for 127.0.0.1 at 2016-09-17 16:13:45 -0300


Started GET "/users/sign_in" for 127.0.0.1 at 2016-09-17 16:14:00 -0300

ActionController::RoutingError (No route matches [GET] "/users/sign_in"):
  actionpack (4.2.4) lib/action_dispatch/middleware/debug_exceptions.rb:21:in `call'
  web-console (2.3.0) lib/web_console/middleware.rb:28:in `block in call'
  web-console (2.3.0) lib/web_console/middleware.rb:18:in `catch'
  web-console (2.3.0) lib/web_console/middleware.rb:18:in `call'
  actionpack (4.2.4) lib/action_dispatch/middleware/show_exceptions.rb:30:in `call'
  railties (4.2.4) lib/rails/rack/logger.rb:38:in `call_app'
  railties (4.2.4) lib/rails/rack/logger.rb:20:in `block in call'
  activesupport (4.2.4) lib/active_support/tagged_logging.rb:68:in `block in tagged'
  activesupport (4.2.4) lib/active_support/tagged_logging.rb:26:in `tagged'
  activesupport (4.2.4) lib/active_support/tagged_logging.rb:68:in `tagged'
  railties (4.2.4) lib/rails/rack/logger.rb:20:in `call'
  actionpack (4.2.4) lib/action_dispatch/middleware/request_id.rb:21:in `call'
  rack (1.6.4) lib/rack/methodoverride.rb:22:in `call'
  rack (1.6.4) lib/rack/runtime.rb:18:in `call'
  activesupport (4.2.4) lib/active_support/cache/strategy/local_cache_middleware.rb:28:in `call'
  rack (1.6.4) lib/rack/lock.rb:17:in `call'
  actionpack (4.2.4) lib/action_dispatch/middleware/static.rb:116:in `call'
  rack (1.6.4) lib/rack/sendfile.rb:113:in `call'
  railties (4.2.4) lib/rails/engine.rb:518:in `call'
  railties (4.2.4) lib/rails/application.rb:165:in `call'
  rack (1.6.4) lib/rack/lock.rb:17:in `call'
  rack (1.6.4) lib/rack/content_length.rb:15:in `call'
  rack (1.6.4) lib/rack/handler/webrick.rb:88:in `service'
  /home/eseeme/.rvm/rubies/ruby-2.2.3/lib/ruby/2.2.0/webrick/httpserver.rb:138:in `service'
  /home/eseeme/.rvm/rubies/ruby-2.2.3/lib/ruby/2.2.0/webrick/httpserver.rb:94:in `run'
  /home/eseeme/.rvm/rubies/ruby-2.2.3/lib/ruby/2.2.0/webrick/server.rb:294:in `block in start_thread'


  Rendered /home/eseeme/.rvm/gems/ruby-2.2.3/gems/actionpack-4.2.4/lib/action_dispatch/middleware/templates/rescues/_trace.html.erb (1.2ms)
  Rendered /home/eseeme/.rvm/gems/ruby-2.2.3/gems/actionpack-4.2.4/lib/action_dispatch/middleware/templates/routes/_route.html.erb (0.7ms)
  Rendered /home/eseeme/.rvm/gems/ruby-2.2.3/gems/actionpack-4.2.4/lib/action_dispatch/middleware/templates/routes/_table.html.erb (5.5ms)
  Rendered /home/eseeme/.rvm/gems/ruby-2.2.3/gems/actionpack-4.2.4/lib/action_dispatch/middleware/templates/rescues/_request_and_response.html.erb (1.3ms)
  Rendered /home/eseeme/.rvm/gems/ruby-2.2.3/gems/actionpack-4.2.4/lib/action_dispatch/middleware/templates/rescues/routing_error.html.erb within rescues/layout (29.1ms)
  Rendered /home/eseeme/.rvm/gems/ruby-2.2.3/gems/web-console-2.3.0/lib/web_console/templates/_markup.html.erb (0.3ms)
  Rendered /home/eseeme/.rvm/gems/ruby-2.2.3/gems/web-console-2.3.0/lib/web_console/templates/_inner_console_markup.html.erb within layouts/inlined_string (0.3ms)
  Rendered /home/eseeme/.rvm/gems/ruby-2.2.3/gems/web-console-2.3.0/lib/web_console/templates/_prompt_box_markup.html.erb within layouts/inlined_string (0.3ms)
  Rendered /home/eseeme/.rvm/gems/ruby-2.2.3/gems/web-console-2.3.0/lib/web_console/templates/style.css.erb within layouts/inlined_string (0.3ms)
  Rendered /home/eseeme/.rvm/gems/ruby-2.2.3/gems/web-console-2.3.0/lib/web_console/templates/console.js.erb within layouts/javascript (21.9ms)
  Rendered /home/eseeme/.rvm/gems/ruby-2.2.3/gems/web-console-2.3.0/lib/web_console/templates/main.js.erb within layouts/javascript (0.3ms)
  Rendered /home/eseeme/.rvm/gems/ruby-2.2.3/gems/web-console-2.3.0/lib/web_console/templates/error_page.js.erb within layouts/javascript (0.3ms)
  Rendered /home/eseeme/.rvm/gems/ruby-2.2.3/gems/web-console-2.3.0/lib/web_console/templates/index.html.erb (43.0ms)


Started GET "/users/" for 127.0.0.1 at 2016-09-17 16:14:04 -0300

ActionController::RoutingError (No route matches [GET] "/users"):
  actionpack (4.2.4) lib/action_dispatch/middleware/debug_exceptions.rb:21:in `call'
  web-console (2.3.0) lib/web_console/middleware.rb:28:in `block in call'
  web-console (2.3.0) lib/web_console/middleware.rb:18:in `catch'
  web-console (2.3.0) lib/web_console/middleware.rb:18:in `call'
  actionpack (4.2.4) lib/action_dispatch/middleware/show_exceptions.rb:30:in `call'
  railties (4.2.4) lib/rails/rack/logger.rb:38:in `call_app'
  railties (4.2.4) lib/rails/rack/logger.rb:20:in `block in call'
  activesupport (4.2.4) lib/active_support/tagged_logging.rb:68:in `block in tagged'
  activesupport (4.2.4) lib/active_support/tagged_logging.rb:26:in `tagged'
  activesupport (4.2.4) lib/active_support/tagged_logging.rb:68:in `tagged'
  railties (4.2.4) lib/rails/rack/logger.rb:20:in `call'
  actionpack (4.2.4) lib/action_dispatch/middleware/request_id.rb:21:in `call'
  rack (1.6.4) lib/rack/methodoverride.rb:22:in `call'
  rack (1.6.4) lib/rack/runtime.rb:18:in `call'
  activesupport (4.2.4) lib/active_support/cache/strategy/local_cache_middleware.rb:28:in `call'
  rack (1.6.4) lib/rack/lock.rb:17:in `call'
  actionpack (4.2.4) lib/action_dispatch/middleware/static.rb:116:in `call'
  rack (1.6.4) lib/rack/sendfile.rb:113:in `call'
  railties (4.2.4) lib/rails/engine.rb:518:in `call'
  railties (4.2.4) lib/rails/application.rb:165:in `call'
  rack (1.6.4) lib/rack/lock.rb:17:in `call'
  rack (1.6.4) lib/rack/content_length.rb:15:in `call'
  rack (1.6.4) lib/rack/handler/webrick.rb:88:in `service'
  /home/eseeme/.rvm/rubies/ruby-2.2.3/lib/ruby/2.2.0/webrick/httpserver.rb:138:in `service'
  /home/eseeme/.rvm/rubies/ruby-2.2.3/lib/ruby/2.2.0/webrick/httpserver.rb:94:in `run'
  /home/eseeme/.rvm/rubies/ruby-2.2.3/lib/ruby/2.2.0/webrick/server.rb:294:in `block in start_thread'


  Rendered /home/eseeme/.rvm/gems/ruby-2.2.3/gems/actionpack-4.2.4/lib/action_dispatch/middleware/templates/rescues/_trace.html.erb (1.1ms)
  Rendered /home/eseeme/.rvm/gems/ruby-2.2.3/gems/actionpack-4.2.4/lib/action_dispatch/middleware/templates/routes/_route.html.erb (0.6ms)
  Rendered /home/eseeme/.rvm/gems/ruby-2.2.3/gems/actionpack-4.2.4/lib/action_dispatch/middleware/templates/routes/_table.html.erb (1.1ms)
  Rendered /home/eseeme/.rvm/gems/ruby-2.2.3/gems/actionpack-4.2.4/lib/action_dispatch/middleware/templates/rescues/_request_and_response.html.erb (9.1ms)
  Rendered /home/eseeme/.rvm/gems/ruby-2.2.3/gems/actionpack-4.2.4/lib/action_dispatch/middleware/templates/rescues/routing_error.html.erb within rescues/layout (30.9ms)
  Rendered /home/eseeme/.rvm/gems/ruby-2.2.3/gems/web-console-2.3.0/lib/web_console/templates/_markup.html.erb (0.3ms)
  Rendered /home/eseeme/.rvm/gems/ruby-2.2.3/gems/web-console-2.3.0/lib/web_console/templates/_inner_console_markup.html.erb within layouts/inlined_string (0.3ms)
  Rendered /home/eseeme/.rvm/gems/ruby-2.2.3/gems/web-console-2.3.0/lib/web_console/templates/_prompt_box_markup.html.erb within layouts/inlined_string (0.2ms)
  Rendered /home/eseeme/.rvm/gems/ruby-2.2.3/gems/web-console-2.3.0/lib/web_console/templates/style.css.erb within layouts/inlined_string (0.3ms)
  Rendered /home/eseeme/.rvm/gems/ruby-2.2.3/gems/web-console-2.3.0/lib/web_console/templates/console.js.erb within layouts/javascript (18.4ms)
  Rendered /home/eseeme/.rvm/gems/ruby-2.2.3/gems/web-console-2.3.0/lib/web_console/templates/main.js.erb within layouts/javascript (0.2ms)
  Rendered /home/eseeme/.rvm/gems/ruby-2.2.3/gems/web-console-2.3.0/lib/web_console/templates/error_page.js.erb within layouts/javascript (0.3ms)
  Rendered /home/eseeme/.rvm/gems/ruby-2.2.3/gems/web-console-2.3.0/lib/web_console/templates/index.html.erb (35.7ms)


Started GET "/" for 127.0.0.1 at 2016-09-17 16:14:07 -0300
Processing by PlainpageController#index as HTML
  Rendered plainpage/index.html.erb within layouts/application (0.0ms)
  Rendered partials/_sidenav.html.erb (1.5ms)
  Rendered partials/_topnav.html.erb (7.1ms)
  Rendered partials/_footer.html.erb (0.0ms)
Completed 200 OK in 94ms (Views: 93.8ms | ActiveRecord: 0.0ms)
